1747583970.274131 client started (4786): version 3.4, socket /tmp/tmux-1000/default, protocol 8
1747583970.274167 on Linux 5.15.167.4-microsoft-standard-WSL2 #1 SMP Tue Nov 5 00:21:55 UTC 2024
1747583970.274169 using libevent 2.1.12-stable poll
1747583970.274171 using ncurses 6.4 20240113
1747583970.274200 flags are 0x18010000
1747583970.274207 socket is /tmp/tmux-1000/default
1747583970.274216 trying connect
1747583970.274226 connect failed: No such file or directory
1747583970.274233 lock file is /tmp/tmux-1000/default.lock
1747583970.274774 flock succeeded
1747583970.274781 got lock (6)
1747583970.274787 trying connect
1747583970.274795 connect failed: No such file or directory
1747583970.275036 add peer 0x5629dc14f440: 7 ((nil))
1747583970.275315 sending message 100 to peer 0x5629dc14f440 (4 bytes)
1747583970.275333 sending message 111 to peer 0x5629dc14f440 (8 bytes)
1747583970.275335 sending message 101 to peer 0x5629dc14f440 (15 bytes)
1747583970.275337 sending message 109 to peer 0x5629dc14f440 (4 bytes)
1747583970.275339 sending message 102 to peer 0x5629dc14f440 (11 bytes)
1747583970.275340 sending message 108 to peer 0x5629dc14f440 (26 bytes)
1747583970.275342 sending message 112 to peer 0x5629dc14f440 (58 bytes)
1747583970.275344 sending message 112 to peer 0x5629dc14f440 (5 bytes)
1747583970.275346 sending message 112 to peer 0x5629dc14f440 (5 bytes)
1747583970.275348 sending message 112 to peer 0x5629dc14f440 (6 bytes)
1747583970.275350 sending message 112 to peer 0x5629dc14f440 (6 bytes)
1747583970.275351 sending message 112 to peer 0x5629dc14f440 (11 bytes)
1747583970.275353 sending message 112 to peer 0x5629dc14f440 (10 bytes)
1747583970.275355 sending message 112 to peer 0x5629dc14f440 (13 bytes)
1747583970.275357 sending message 112 to peer 0x5629dc14f440 (14 bytes)
1747583970.275358 sending message 112 to peer 0x5629dc14f440 (19 bytes)
1747583970.275360 sending message 112 to peer 0x5629dc14f440 (11 bytes)
1747583970.275362 sending message 112 to peer 0x5629dc14f440 (10 bytes)
1747583970.275364 sending message 112 to peer 0x5629dc14f440 (15 bytes)
1747583970.275365 sending message 112 to peer 0x5629dc14f440 (21 bytes)
1747583970.275367 sending message 112 to peer 0x5629dc14f440 (13 bytes)
1747583970.275369 sending message 112 to peer 0x5629dc14f440 (7 bytes)
1747583970.275371 sending message 112 to peer 0x5629dc14f440 (13 bytes)
1747583970.275372 sending message 112 to peer 0x5629dc14f440 (7 bytes)
1747583970.275374 sending message 112 to peer 0x5629dc14f440 (13 bytes)
1747583970.275376 sending message 112 to peer 0x5629dc14f440 (9 bytes)
1747583970.275378 sending message 112 to peer 0x5629dc14f440 (21 bytes)
1747583970.275379 sending message 112 to peer 0x5629dc14f440 (13 bytes)
1747583970.275381 sending message 112 to peer 0x5629dc14f440 (9 bytes)
1747583970.275383 sending message 112 to peer 0x5629dc14f440 (16 bytes)
1747583970.275385 sending message 112 to peer 0x5629dc14f440 (13 bytes)
1747583970.275386 sending message 112 to peer 0x5629dc14f440 (9 bytes)
1747583970.275388 sending message 112 to peer 0x5629dc14f440 (9 bytes)
1747583970.275390 sending message 112 to peer 0x5629dc14f440 (12 bytes)
1747583970.275392 sending message 112 to peer 0x5629dc14f440 (8 bytes)
1747583970.275393 sending message 112 to peer 0x5629dc14f440 (8 bytes)
1747583970.275395 sending message 112 to peer 0x5629dc14f440 (13 bytes)
1747583970.275397 sending message 112 to peer 0x5629dc14f440 (7 bytes)
1747583970.275399 sending message 112 to peer 0x5629dc14f440 (7 bytes)
1747583970.275400 sending message 112 to peer 0x5629dc14f440 (9 bytes)
1747583970.275402 sending message 112 to peer 0x5629dc14f440 (9 bytes)
1747583970.275404 sending message 112 to peer 0x5629dc14f440 (15 bytes)
1747583970.275406 sending message 112 to peer 0x5629dc14f440 (13 bytes)
1747583970.275407 sending message 112 to peer 0x5629dc14f440 (12 bytes)
1747583970.275409 sending message 112 to peer 0x5629dc14f440 (8 bytes)
1747583970.275411 sending message 112 to peer 0x5629dc14f440 (14 bytes)
1747583970.275413 sending message 112 to peer 0x5629dc14f440 (11 bytes)
1747583970.275421 sending message 112 to peer 0x5629dc14f440 (9 bytes)
1747583970.275423 sending message 112 to peer 0x5629dc14f440 (10 bytes)
1747583970.275425 sending message 112 to peer 0x5629dc14f440 (10 bytes)
1747583970.275426 sending message 112 to peer 0x5629dc14f440 (10 bytes)
1747583970.275428 sending message 112 to peer 0x5629dc14f440 (10 bytes)
1747583970.275430 sending message 112 to peer 0x5629dc14f440 (11 bytes)
1747583970.275432 sending message 112 to peer 0x5629dc14f440 (12 bytes)
1747583970.275433 sending message 112 to peer 0x5629dc14f440 (12 bytes)
1747583970.275436 sending message 112 to peer 0x5629dc14f440 (12 bytes)
1747583970.275438 sending message 112 to peer 0x5629dc14f440 (12 bytes)
1747583970.275440 sending message 112 to peer 0x5629dc14f440 (12 bytes)
1747583970.275441 sending message 112 to peer 0x5629dc14f440 (11 bytes)
1747583970.275443 sending message 112 to peer 0x5629dc14f440 (11 bytes)
1747583970.275444 sending message 112 to peer 0x5629dc14f440 (12 bytes)
1747583970.275446 sending message 112 to peer 0x5629dc14f440 (12 bytes)
1747583970.275448 sending message 112 to peer 0x5629dc14f440 (12 bytes)
1747583970.275449 sending message 112 to peer 0x5629dc14f440 (12 bytes)
1747583970.275451 sending message 112 to peer 0x5629dc14f440 (12 bytes)
1747583970.275452 sending message 112 to peer 0x5629dc14f440 (9 bytes)
1747583970.275454 sending message 112 to peer 0x5629dc14f440 (12 bytes)
1747583970.275455 sending message 112 to peer 0x5629dc14f440 (13 bytes)
1747583970.275457 sending message 112 to peer 0x5629dc14f440 (13 bytes)
1747583970.275459 sending message 112 to peer 0x5629dc14f440 (13 bytes)
1747583970.275460 sending message 112 to peer 0x5629dc14f440 (13 bytes)
1747583970.275462 sending message 112 to peer 0x5629dc14f440 (13 bytes)
1747583970.275463 sending message 112 to peer 0x5629dc14f440 (8 bytes)
1747583970.275465 sending message 112 to peer 0x5629dc14f440 (11 bytes)
1747583970.275466 sending message 112 to peer 0x5629dc14f440 (11 bytes)
1747583970.275468 sending message 112 to peer 0x5629dc14f440 (11 bytes)
1747583970.275470 sending message 112 to peer 0x5629dc14f440 (12 bytes)
1747583970.275471 sending message 112 to peer 0x5629dc14f440 (12 bytes)
1747583970.275473 sending message 112 to peer 0x5629dc14f440 (12 bytes)
1747583970.275474 sending message 112 to peer 0x5629dc14f440 (12 bytes)
1747583970.275476 sending message 112 to peer 0x5629dc14f440 (13 bytes)
1747583970.275477 sending message 112 to peer 0x5629dc14f440 (13 bytes)
1747583970.275479 sending message 112 to peer 0x5629dc14f440 (13 bytes)
1747583970.275480 sending message 112 to peer 0x5629dc14f440 (8 bytes)
1747583970.275482 sending message 112 to peer 0x5629dc14f440 (13 bytes)
1747583970.275484 sending message 112 to peer 0x5629dc14f440 (13 bytes)
1747583970.275485 sending message 112 to peer 0x5629dc14f440 (13 bytes)
1747583970.275487 sending message 112 to peer 0x5629dc14f440 (13 bytes)
1747583970.275488 sending message 112 to peer 0x5629dc14f440 (13 bytes)
1747583970.275490 sending message 112 to peer 0x5629dc14f440 (12 bytes)
1747583970.275491 sending message 112 to peer 0x5629dc14f440 (12 bytes)
1747583970.275493 sending message 112 to peer 0x5629dc14f440 (12 bytes)
1747583970.275494 sending message 112 to peer 0x5629dc14f440 (12 bytes)
1747583970.275496 sending message 112 to peer 0x5629dc14f440 (13 bytes)
1747583970.275498 sending message 112 to peer 0x5629dc14f440 (8 bytes)
1747583970.275499 sending message 112 to peer 0x5629dc14f440 (13 bytes)
1747583970.275501 sending message 112 to peer 0x5629dc14f440 (13 bytes)
1747583970.275502 sending message 112 to peer 0x5629dc14f440 (13 bytes)
1747583970.275504 sending message 112 to peer 0x5629dc14f440 (13 bytes)
1747583970.275505 sending message 112 to peer 0x5629dc14f440 (13 bytes)
1747583970.275507 sending message 112 to peer 0x5629dc14f440 (13 bytes)
1747583970.275508 sending message 112 to peer 0x5629dc14f440 (13 bytes)
1747583970.275510 sending message 112 to peer 0x5629dc14f440 (12 bytes)
1747583970.275512 sending message 112 to peer 0x5629dc14f440 (12 bytes)
1747583970.275515 sending message 112 to peer 0x5629dc14f440 (12 bytes)
1747583970.275517 sending message 112 to peer 0x5629dc14f440 (8 bytes)
1747583970.275518 sending message 112 to peer 0x5629dc14f440 (12 bytes)
1747583970.275520 sending message 112 to peer 0x5629dc14f440 (13 bytes)
1747583970.275521 sending message 112 to peer 0x5629dc14f440 (13 bytes)
1747583970.275523 sending message 112 to peer 0x5629dc14f440 (13 bytes)
1747583970.275524 sending message 112 to peer 0x5629dc14f440 (13 bytes)
1747583970.275526 sending message 112 to peer 0x5629dc14f440 (13 bytes)
1747583970.275528 sending message 112 to peer 0x5629dc14f440 (13 bytes)
1747583970.275529 sending message 112 to peer 0x5629dc14f440 (13 bytes)
1747583970.275531 sending message 112 to peer 0x5629dc14f440 (13 bytes)
1747583970.275532 sending message 112 to peer 0x5629dc14f440 (12 bytes)
1747583970.275534 sending message 112 to peer 0x5629dc14f440 (10 bytes)
1747583970.275535 sending message 112 to peer 0x5629dc14f440 (12 bytes)
1747583970.275537 sending message 112 to peer 0x5629dc14f440 (12 bytes)
1747583970.275539 sending message 112 to peer 0x5629dc14f440 (12 bytes)
1747583970.275540 sending message 112 to peer 0x5629dc14f440 (13 bytes)
1747583970.275542 sending message 112 to peer 0x5629dc14f440 (13 bytes)
1747583970.275543 sending message 112 to peer 0x5629dc14f440 (13 bytes)
1747583970.275545 sending message 112 to peer 0x5629dc14f440 (13 bytes)
1747583970.275546 sending message 112 to peer 0x5629dc14f440 (13 bytes)
1747583970.275548 sending message 112 to peer 0x5629dc14f440 (13 bytes)
1747583970.275550 sending message 112 to peer 0x5629dc14f440 (13 bytes)
1747583970.275551 sending message 112 to peer 0x5629dc14f440 (10 bytes)
1747583970.275554 sending message 112 to peer 0x5629dc14f440 (13 bytes)
1747583970.275556 sending message 112 to peer 0x5629dc14f440 (12 bytes)
1747583970.275558 sending message 112 to peer 0x5629dc14f440 (12 bytes)
1747583970.275560 sending message 112 to peer 0x5629dc14f440 (12 bytes)
1747583970.275561 sending message 112 to peer 0x5629dc14f440 (10 bytes)
1747583970.275563 sending message 112 to peer 0x5629dc14f440 (10 bytes)
1747583970.275565 sending message 112 to peer 0x5629dc14f440 (10 bytes)
1747583970.275566 sending message 112 to peer 0x5629dc14f440 (12 bytes)
1747583970.275568 sending message 112 to peer 0x5629dc14f440 (13 bytes)
1747583970.275570 sending message 112 to peer 0x5629dc14f440 (13 bytes)
1747583970.275572 sending message 112 to peer 0x5629dc14f440 (13 bytes)
1747583970.275573 sending message 112 to peer 0x5629dc14f440 (13 bytes)
1747583970.275575 sending message 112 to peer 0x5629dc14f440 (13 bytes)
1747583970.275577 sending message 112 to peer 0x5629dc14f440 (10 bytes)
1747583970.275578 sending message 112 to peer 0x5629dc14f440 (11 bytes)
1747583970.275580 sending message 112 to peer 0x5629dc14f440 (12 bytes)
1747583970.275582 sending message 112 to peer 0x5629dc14f440 (12 bytes)
1747583970.275584 sending message 112 to peer 0x5629dc14f440 (12 bytes)
1747583970.275586 sending message 112 to peer 0x5629dc14f440 (12 bytes)
1747583970.275587 sending message 112 to peer 0x5629dc14f440 (12 bytes)
1747583970.275589 sending message 112 to peer 0x5629dc14f440 (11 bytes)
1747583970.275591 sending message 112 to peer 0x5629dc14f440 (12 bytes)
1747583970.275593 sending message 112 to peer 0x5629dc14f440 (12 bytes)
1747583970.275594 sending message 112 to peer 0x5629dc14f440 (13 bytes)
1747583970.275596 sending message 112 to peer 0x5629dc14f440 (13 bytes)
1747583970.275598 sending message 112 to peer 0x5629dc14f440 (13 bytes)
1747583970.275600 sending message 112 to peer 0x5629dc14f440 (13 bytes)
1747583970.275601 sending message 112 to peer 0x5629dc14f440 (13 bytes)
1747583970.275603 sending message 112 to peer 0x5629dc14f440 (10 bytes)
1747583970.275605 sending message 112 to peer 0x5629dc14f440 (9 bytes)
1747583970.275606 sending message 112 to peer 0x5629dc14f440 (12 bytes)
1747583970.275608 sending message 112 to peer 0x5629dc14f440 (13 bytes)
1747583970.275610 sending message 112 to peer 0x5629dc14f440 (13 bytes)
1747583970.275614 sending message 112 to peer 0x5629dc14f440 (13 bytes)
1747583970.275616 sending message 112 to peer 0x5629dc14f440 (13 bytes)
1747583970.275618 sending message 112 to peer 0x5629dc14f440 (13 bytes)
1747583970.275619 sending message 112 to peer 0x5629dc14f440 (9 bytes)
1747583970.275621 sending message 112 to peer 0x5629dc14f440 (12 bytes)
1747583970.275623 sending message 112 to peer 0x5629dc14f440 (13 bytes)
1747583970.275625 sending message 112 to peer 0x5629dc14f440 (13 bytes)
1747583970.275626 sending message 112 to peer 0x5629dc14f440 (13 bytes)
1747583970.275628 sending message 112 to peer 0x5629dc14f440 (13 bytes)
1747583970.275630 sending message 112 to peer 0x5629dc14f440 (13 bytes)
1747583970.275632 sending message 112 to peer 0x5629dc14f440 (11 bytes)
1747583970.275633 sending message 112 to peer 0x5629dc14f440 (12 bytes)
1747583970.275635 sending message 112 to peer 0x5629dc14f440 (13 bytes)
1747583970.275637 sending message 112 to peer 0x5629dc14f440 (13 bytes)
1747583970.275639 sending message 112 to peer 0x5629dc14f440 (13 bytes)
1747583970.275641 sending message 112 to peer 0x5629dc14f440 (13 bytes)
1747583970.275643 sending message 112 to peer 0x5629dc14f440 (13 bytes)
1747583970.275644 sending message 112 to peer 0x5629dc14f440 (11 bytes)
1747583970.275646 sending message 112 to peer 0x5629dc14f440 (12 bytes)
1747583970.275648 sending message 112 to peer 0x5629dc14f440 (12 bytes)
1747583970.275650 sending message 112 to peer 0x5629dc14f440 (12 bytes)
1747583970.275652 sending message 112 to peer 0x5629dc14f440 (12 bytes)
1747583970.275653 sending message 112 to peer 0x5629dc14f440 (12 bytes)
1747583970.275655 sending message 112 to peer 0x5629dc14f440 (21 bytes)
1747583970.275657 sending message 112 to peer 0x5629dc14f440 (12 bytes)
1747583970.275659 sending message 112 to peer 0x5629dc14f440 (9 bytes)
1747583970.275661 sending message 112 to peer 0x5629dc14f440 (6 bytes)
1747583970.275663 sending message 112 to peer 0x5629dc14f440 (13 bytes)
1747583970.275665 sending message 112 to peer 0x5629dc14f440 (10 bytes)
1747583970.275668 sending message 112 to peer 0x5629dc14f440 (24 bytes)
1747583970.275670 sending message 112 to peer 0x5629dc14f440 (13 bytes)
1747583970.275671 sending message 112 to peer 0x5629dc14f440 (9 bytes)
1747583970.275673 sending message 112 to peer 0x5629dc14f440 (70 bytes)
1747583970.275675 sending message 112 to peer 0x5629dc14f440 (69 bytes)
1747583970.275676 sending message 112 to peer 0x5629dc14f440 (12 bytes)
1747583970.275678 sending message 112 to peer 0x5629dc14f440 (10 bytes)
1747583970.275680 sending message 112 to peer 0x5629dc14f440 (10 bytes)
1747583970.275681 sending message 112 to peer 0x5629dc14f440 (24 bytes)
1747583970.275683 sending message 112 to peer 0x5629dc14f440 (13 bytes)
1747583970.275685 sending message 112 to peer 0x5629dc14f440 (10 bytes)
1747583970.275687 sending message 112 to peer 0x5629dc14f440 (10 bytes)
1747583970.275689 sending message 112 to peer 0x5629dc14f440 (10 bytes)
1747583970.275690 sending message 112 to peer 0x5629dc14f440 (13 bytes)
1747583970.275692 sending message 112 to peer 0x5629dc14f440 (15 bytes)
1747583970.275694 sending message 112 to peer 0x5629dc14f440 (5 bytes)
1747583970.275696 sending message 104 to peer 0x5629dc14f440 (0 bytes)
1747583970.275698 sending message 110 to peer 0x5629dc14f440 (0 bytes)
1747583970.275700 sending message 107 to peer 0x5629dc14f440 (4 bytes)
1747583970.275702 sending message 105 to peer 0x5629dc14f440 (16 bytes)
1747583970.275704 sending message 105 to peer 0x5629dc14f440 (17 bytes)
1747583970.275705 sending message 105 to peer 0x5629dc14f440 (24 bytes)
1747583970.275707 sending message 105 to peer 0x5629dc14f440 (29 bytes)
1747583970.275709 sending message 105 to peer 0x5629dc14f440 (48 bytes)
1747583970.275711 sending message 105 to peer 0x5629dc14f440 (34 bytes)
1747583970.275712 sending message 105 to peer 0x5629dc14f440 (20 bytes)
1747583970.275714 sending message 105 to peer 0x5629dc14f440 (30 bytes)
1747583970.275716 sending message 105 to peer 0x5629dc14f440 (15 bytes)
1747583970.275719 sending message 105 to peer 0x5629dc14f440 (16 bytes)
1747583970.275721 sending message 105 to peer 0x5629dc14f440 (18 bytes)
1747583970.275723 sending message 105 to peer 0x5629dc14f440 (13 bytes)
1747583970.275724 sending message 105 to peer 0x5629dc14f440 (33 bytes)
1747583970.275726 sending message 105 to peer 0x5629dc14f440 (1817 bytes)
1747583970.275733 sending message 105 to peer 0x5629dc14f440 (37 bytes)
1747583970.275735 sending message 105 to peer 0x5629dc14f440 (53 bytes)
1747583970.275737 sending message 105 to peer 0x5629dc14f440 (26 bytes)
1747583970.275739 sending message 105 to peer 0x5629dc14f440 (29 bytes)
1747583970.275740 sending message 105 to peer 0x5629dc14f440 (17 bytes)
1747583970.275742 sending message 105 to peer 0x5629dc14f440 (28 bytes)
1747583970.275744 sending message 105 to peer 0x5629dc14f440 (34 bytes)
1747583970.275745 sending message 105 to peer 0x5629dc14f440 (20 bytes)
1747583970.275747 sending message 105 to peer 0x5629dc14f440 (32 bytes)
1747583970.275748 sending message 105 to peer 0x5629dc14f440 (12 bytes)
1747583970.275750 sending message 105 to peer 0x5629dc14f440 (11 bytes)
1747583970.275752 sending message 105 to peer 0x5629dc14f440 (8 bytes)
1747583970.275754 sending message 105 to peer 0x5629dc14f440 (53 bytes)
1747583970.275755 sending message 105 to peer 0x5629dc14f440 (32 bytes)
1747583970.275757 sending message 105 to peer 0x5629dc14f440 (31 bytes)
1747583970.275759 sending message 105 to peer 0x5629dc14f440 (33 bytes)
1747583970.275760 sending message 105 to peer 0x5629dc14f440 (65 bytes)
1747583970.275762 sending message 105 to peer 0x5629dc14f440 (606 bytes)
1747583970.275764 sending message 105 to peer 0x5629dc14f440 (54 bytes)
1747583970.275766 sending message 105 to peer 0x5629dc14f440 (16 bytes)
1747583970.275767 sending message 105 to peer 0x5629dc14f440 (29 bytes)
1747583970.275769 sending message 105 to peer 0x5629dc14f440 (40 bytes)
1747583970.275771 sending message 105 to peer 0x5629dc14f440 (53 bytes)
1747583970.275772 sending message 105 to peer 0x5629dc14f440 (16 bytes)
1747583970.275774 sending message 105 to peer 0x5629dc14f440 (38 bytes)
1747583970.275776 sending message 106 to peer 0x5629dc14f440 (0 bytes)
1747583970.275801 sending message 200 to peer 0x5629dc14f440 (4 bytes)
1747583970.275802 client loop enter
1747583970.275812 client_signal: Child exited
1747583970.345843 peer 0x5629dc14f440 message 207
1747583970.345858 sending message 208 to peer 0x5629dc14f440 (0 bytes)
1747583974.548049 peer 0x5629dc14f440 message 203
1747583974.548060 sending message 205 to peer 0x5629dc14f440 (0 bytes)
1747583974.548450 peer 0x5629dc14f440 message 204
1747583974.548454 client loop exit
